<?xml version="1.0" encoding="UTF-8"?>
<!-- Generated by org.testng.reporters.JUnitXMLReporter -->
<testsuite ignored="0" hostname="ZCOBQMH101319-SandraCastro" failures="1" tests="1" name="search-test-QA" time="0.52" errors="0" timestamp="21 Oct 2021 15:26:14 GMT">
  <testcase classname="com.searchmodule.tests.SearchTest" name="search" time="0.0">
    <failure type="java.lang.NoClassDefFoundError" message="com/searchmodule/pages/SearchPage">
      <![CDATA[java.lang.NoClassDefFoundError: com/searchmodule/pages/SearchPage
at com.searchmodule.tests.SearchTest.search(SearchTest.java:14)
Caused by: java.lang.ClassNotFoundException: com.searchmodule.pages.SearchPage
... 25 more
... Removed 24 stack frames]]>
    </failure>
  </testcase> <!-- search -->
</testsuite> <!-- search-test-QA -->
